[debug] [2023-09-29T12:13:28.102Z] ----------------------------------------------------------------------
[debug] [2023-09-29T12:13:28.104Z] Command:       /usr/local/bin/node /usr/local/bin/firebase emulators:start
[debug] [2023-09-29T12:13:28.104Z] CLI Version:   12.6.1
[debug] [2023-09-29T12:13:28.105Z] Platform:      darwin
[debug] [2023-09-29T12:13:28.106Z] Node Version:  v18.16.0
[debug] [2023-09-29T12:13:28.108Z] Time:          Fri Sep 29 2023 15:13:28 GMT+0300 (Eastern European Summer Time)
[debug] [2023-09-29T12:13:28.108Z] ----------------------------------------------------------------------
[debug] 
[debug] [2023-09-29T12:13:28.264Z] > command requires scopes: ["email","openid","https://www.googleapis.com/auth/cloudplatformprojects.readonly","https://www.googleapis.com/auth/firebase","https://www.googleapis.com/auth/cloud-platform"]
[debug] [2023-09-29T12:13:28.265Z] > authorizing via signed-in user (kihulane26@gmail.com)
[debug] [2023-09-29T12:13:28.417Z] java version "17.0.2" 2022-01-18 LTS

[debug] [2023-09-29T12:13:28.420Z] Java(TM) SE Runtime Environment (build 17.0.2+8-LTS-86)
Java HotSpot(TM) 64-Bit Server VM (build 17.0.2+8-LTS-86, mixed mode, sharing)

[debug] [2023-09-29T12:13:28.429Z] Parsed Java major version: 17
[info] i  emulators: Starting emulators: auth, functions, firestore, hosting {"metadata":{"emulator":{"name":"hub"},"message":"Starting emulators: auth, functions, firestore, hosting"}}
[warn] ⚠  hosting: The hosting emulator is configured but there is no hosting configuration. Have you run firebase init hosting? {"metadata":{"emulator":{"name":"hosting"},"message":"The hosting emulator is configured but there is no hosting configuration. Have you run \u001b[1mfirebase init hosting\u001b[22m?"}}
[debug] [2023-09-29T12:13:29.373Z] [logging] Logging Emulator only supports listening on one address (127.0.0.1). Not listening on ::1
[debug] [2023-09-29T12:13:29.374Z] [auth] Authentication Emulator only supports listening on one address (127.0.0.1). Not listening on ::1
[debug] [2023-09-29T12:13:29.375Z] [firestore] Firestore Emulator only supports listening on one address (127.0.0.1). Not listening on ::1
[debug] [2023-09-29T12:13:29.375Z] [firestore.websocket] websocket server for firestore only supports listening on one address (127.0.0.1). Not listening on ::1
[debug] [2023-09-29T12:13:29.375Z] assigned listening specs for emulators {"user":{"hub":[{"address":"127.0.0.1","family":"IPv4","port":4400},{"address":"::1","family":"IPv6","port":4400}],"ui":[{"address":"127.0.0.1","family":"IPv4","port":4000},{"address":"::1","family":"IPv6","port":4000}],"logging":[{"address":"127.0.0.1","family":"IPv4","port":4500}],"auth":[{"address":"127.0.0.1","family":"IPv4","port":9099}],"firestore":[{"address":"127.0.0.1","family":"IPv4","port":8080}],"firestore.websocket":[{"address":"127.0.0.1","family":"IPv4","port":9150}]},"metadata":{"message":"assigned listening specs for emulators"}}
[debug] [2023-09-29T12:13:29.391Z] [hub] writing locator at /var/folders/_z/lbj7_lns5d71b6d834bqmkzc0000gn/T/hub-vue-booking-system.json
[warn] ⚠  functions: The functions emulator is configured but there is no functions source directory. Have you run firebase init functions? {"metadata":{"emulator":{"name":"functions"},"message":"The functions emulator is configured but there is no functions source directory. Have you run \u001b[1mfirebase init functions\u001b[22m?"}}
[debug] [2023-09-29T12:13:29.405Z] Ignoring unsupported arg: auto_download {"metadata":{"emulator":{"name":"firestore"},"message":"Ignoring unsupported arg: auto_download"}}
[debug] [2023-09-29T12:13:29.406Z] Ignoring unsupported arg: single_project_mode_error {"metadata":{"emulator":{"name":"firestore"},"message":"Ignoring unsupported arg: single_project_mode_error"}}
[debug] [2023-09-29T12:13:29.406Z] Starting Firestore Emulator with command {"binary":"java","args":["-Dgoogle.cloud_firestore.debug_log_level=FINE","-Duser.language=en","-jar","/Users/gert/.cache/firebase/emulators/cloud-firestore-emulator-v1.18.2.jar","--host","127.0.0.1","--port",8080,"--websocket_port",9150,"--project_id","vue-booking-system","--rules","/Users/gert/Desktop/Code/booking-system-vue/firestore.rules","--single_project_mode",true],"optionalArgs":["port","webchannel_port","host","rules","websocket_port","functions_emulator","seed_from_export","project_id","single_project_mode"],"joinArgs":false} {"metadata":{"emulator":{"name":"firestore"},"message":"Starting Firestore Emulator with command {\"binary\":\"java\",\"args\":[\"-Dgoogle.cloud_firestore.debug_log_level=FINE\",\"-Duser.language=en\",\"-jar\",\"/Users/gert/.cache/firebase/emulators/cloud-firestore-emulator-v1.18.2.jar\",\"--host\",\"127.0.0.1\",\"--port\",8080,\"--websocket_port\",9150,\"--project_id\",\"vue-booking-system\",\"--rules\",\"/Users/gert/Desktop/Code/booking-system-vue/firestore.rules\",\"--single_project_mode\",true],\"optionalArgs\":[\"port\",\"webchannel_port\",\"host\",\"rules\",\"websocket_port\",\"functions_emulator\",\"seed_from_export\",\"project_id\",\"single_project_mode\"],\"joinArgs\":false}"}}
[info] i  firestore: Firestore Emulator logging to firestore-debug.log {"metadata":{"emulator":{"name":"firestore"},"message":"Firestore Emulator logging to \u001b[1mfirestore-debug.log\u001b[22m"}}
[debug] [2023-09-29T12:13:30.898Z] Sept 29, 2023 3:13:30 PM com.google.cloud.datastore.emulator.firestore.websocket.WebSocketServer start
INFO: Started WebSocket server on ws://127.0.0.1:9150
 {"metadata":{"emulator":{"name":"firestore"},"message":"Sept 29, 2023 3:13:30 PM com.google.cloud.datastore.emulator.firestore.websocket.WebSocketServer start\nINFO: Started WebSocket server on ws://127.0.0.1:9150\n"}}
[debug] [2023-09-29T12:13:30.916Z] API endpoint: http:// {"metadata":{"emulator":{"name":"firestore"},"message":"API endpoint: http://"}}
[debug] [2023-09-29T12:13:30.917Z] 127.0.0.1:8080
If you are using a library that supports the FIRESTORE_EMULATOR_HOST environment variable, run:

   export FIRESTORE_EMULATOR_HOST=127.0.0.1:8080

 {"metadata":{"emulator":{"name":"firestore"},"message":"127.0.0.1:8080\nIf you are using a library that supports the FIRESTORE_EMULATOR_HOST environment variable, run:\n\n   export FIRESTORE_EMULATOR_HOST=127.0.0.1:8080\n\n"}}
[debug] [2023-09-29T12:13:30.917Z] Dev App Server is now running.

 {"metadata":{"emulator":{"name":"firestore"},"message":"Dev App Server is now running.\n\n"}}
[info] ✔  firestore: Firestore Emulator UI websocket is running on 9150. {"metadata":{"emulator":{"name":"firestore"},"message":"Firestore Emulator UI websocket is running on 9150."}}
[info] i  ui: downloading ui-v1.11.7.zip... {"metadata":{"emulator":{"name":"ui"},"message":"downloading ui-v1.11.7.zip..."}}
[debug] [2023-09-29T12:13:36.479Z] >>> [apiv2][query] GET https://storage.googleapis.com/firebase-preview-drop/emulator/ui-v1.11.7.zip 
[debug] [2023-09-29T12:13:36.523Z] <<< [apiv2][status] GET https://storage.googleapis.com/firebase-preview-drop/emulator/ui-v1.11.7.zip 200
[debug] [2023-09-29T12:13:36.524Z] <<< [apiv2][body] GET https://storage.googleapis.com/firebase-preview-drop/emulator/ui-v1.11.7.zip [stream]
[debug] [2023-09-29T12:13:36.738Z] Data is 3064105
[debug] [2023-09-29T12:13:36.739Z] [unzip] Entry: client/ (compressed_size=0 bytes, uncompressed_size=0 bytes)
[debug] [2023-09-29T12:13:36.739Z] [unzip] Processing entry: client/
[debug] [2023-09-29T12:13:36.739Z] [unzip] mkdir: /Users/gert/.cache/firebase/emulators/ui-v1.11.7/client/
[debug] [2023-09-29T12:13:36.741Z] [unzip] Entry: client/favicon.ico (compressed_size=2497 bytes, uncompressed_size=7406 bytes)
[debug] [2023-09-29T12:13:36.741Z] [unzip] Processing entry: client/favicon.ico
[debug] [2023-09-29T12:13:36.741Z] [unzip] else mkdir: /Users/gert/.cache/firebase/emulators/ui-v1.11.7/client
[debug] [2023-09-29T12:13:36.741Z] [unzip] deflating: /Users/gert/.cache/firebase/emulators/ui-v1.11.7/client/favicon.ico
[debug] [2023-09-29T12:13:36.746Z] [unzip] Entry: client/apple-touch-icon.png (compressed_size=7231 bytes, uncompressed_size=7367 bytes)
[debug] [2023-09-29T12:13:36.746Z] [unzip] Processing entry: client/apple-touch-icon.png
[debug] [2023-09-29T12:13:36.746Z] [unzip] else mkdir: /Users/gert/.cache/firebase/emulators/ui-v1.11.7/client
[debug] [2023-09-29T12:13:36.747Z] [unzip] deflating: /Users/gert/.cache/firebase/emulators/ui-v1.11.7/client/apple-touch-icon.png
[debug] [2023-09-29T12:13:36.750Z] [unzip] Entry: client/android-chrome-512x512.png (compressed_size=16987 bytes, uncompressed_size=18186 bytes)
[debug] [2023-09-29T12:13:36.750Z] [unzip] Processing entry: client/android-chrome-512x512.png
[debug] [2023-09-29T12:13:36.750Z] [unzip] else mkdir: /Users/gert/.cache/firebase/emulators/ui-v1.11.7/client
[debug] [2023-09-29T12:13:36.751Z] [unzip] deflating: /Users/gert/.cache/firebase/emulators/ui-v1.11.7/client/android-chrome-512x512.png
[debug] [2023-09-29T12:13:36.755Z] [unzip] Entry: client/assets/ (compressed_size=0 bytes, uncompressed_size=0 bytes)
[debug] [2023-09-29T12:13:36.755Z] [unzip] Processing entry: client/assets/
[debug] [2023-09-29T12:13:36.755Z] [unzip] mkdir: /Users/gert/.cache/firebase/emulators/ui-v1.11.7/client/assets/
[debug] [2023-09-29T12:13:36.755Z] [unzip] Entry: client/assets/extensions/ (compressed_size=0 bytes, uncompressed_size=0 bytes)
[debug] [2023-09-29T12:13:36.755Z] [unzip] Processing entry: client/assets/extensions/
[debug] [2023-09-29T12:13:36.755Z] [unzip] mkdir: /Users/gert/.cache/firebase/emulators/ui-v1.11.7/client/assets/extensions/
[debug] [2023-09-29T12:13:36.755Z] [unzip] Entry: client/assets/extensions/default-extension.png (compressed_size=1646 bytes, uncompressed_size=1657 bytes)
[debug] [2023-09-29T12:13:36.755Z] [unzip] Processing entry: client/assets/extensions/default-extension.png
[debug] [2023-09-29T12:13:36.755Z] [unzip] else mkdir: /Users/gert/.cache/firebase/emulators/ui-v1.11.7/client/assets/extensions
[debug] [2023-09-29T12:13:36.755Z] [unzip] deflating: /Users/gert/.cache/firebase/emulators/ui-v1.11.7/client/assets/extensions/default-extension.png
[debug] [2023-09-29T12:13:36.758Z] [unzip] Entry: client/assets/index.58ca09f7.css (compressed_size=37601 bytes, uncompressed_size=321252 bytes)
[debug] [2023-09-29T12:13:36.758Z] [unzip] Processing entry: client/assets/index.58ca09f7.css
[debug] [2023-09-29T12:13:36.759Z] [unzip] else mkdir: /Users/gert/.cache/firebase/emulators/ui-v1.11.7/client/assets
[debug] [2023-09-29T12:13:36.759Z] [unzip] deflating: /Users/gert/.cache/firebase/emulators/ui-v1.11.7/client/assets/index.58ca09f7.css
[debug] [2023-09-29T12:13:36.764Z] [unzip] Entry: client/assets/index.c2583d42.js (compressed_size=526232 bytes, uncompressed_size=1860152 bytes)
[debug] [2023-09-29T12:13:36.764Z] [unzip] Processing entry: client/assets/index.c2583d42.js
[debug] [2023-09-29T12:13:36.764Z] [unzip] else mkdir: /Users/gert/.cache/firebase/emulators/ui-v1.11.7/client/assets
[debug] [2023-09-29T12:13:36.765Z] [unzip] deflating: /Users/gert/.cache/firebase/emulators/ui-v1.11.7/client/assets/index.c2583d42.js
[debug] [2023-09-29T12:13:36.787Z] [unzip] Entry: client/assets/provider-icons/ (compressed_size=0 bytes, uncompressed_size=0 bytes)
[debug] [2023-09-29T12:13:36.787Z] [unzip] Processing entry: client/assets/provider-icons/
[debug] [2023-09-29T12:13:36.787Z] [unzip] mkdir: /Users/gert/.cache/firebase/emulators/ui-v1.11.7/client/assets/provider-icons/
[debug] [2023-09-29T12:13:36.788Z] [unzip] Entry: client/assets/provider-icons/auth_service_oidc.svg (compressed_size=414 bytes, uncompressed_size=858 bytes)
[debug] [2023-09-29T12:13:36.788Z] [unzip] Processing entry: client/assets/provider-icons/auth_service_oidc.svg
[debug] [2023-09-29T12:13:36.788Z] [unzip] else mkdir: /Users/gert/.cache/firebase/emulators/ui-v1.11.7/client/assets/provider-icons
[debug] [2023-09-29T12:13:36.789Z] [unzip] deflating: /Users/gert/.cache/firebase/emulators/ui-v1.11.7/client/assets/provider-icons/auth_service_oidc.svg
[debug] [2023-09-29T12:13:36.793Z] [unzip] Entry: client/assets/provider-icons/auth_service_yahoo.svg (compressed_size=577 bytes, uncompressed_size=1182 bytes)
[debug] [2023-09-29T12:13:36.794Z] [unzip] Processing entry: client/assets/provider-icons/auth_service_yahoo.svg
[debug] [2023-09-29T12:13:36.794Z] [unzip] else mkdir: /Users/gert/.cache/firebase/emulators/ui-v1.11.7/client/assets/provider-icons
[debug] [2023-09-29T12:13:36.794Z] [unzip] deflating: /Users/gert/.cache/firebase/emulators/ui-v1.11.7/client/assets/provider-icons/auth_service_yahoo.svg
[debug] [2023-09-29T12:13:36.799Z] [unzip] Entry: client/assets/provider-icons/auth_service_phone.svg (compressed_size=261 bytes, uncompressed_size=414 bytes)
[debug] [2023-09-29T12:13:36.799Z] [unzip] Processing entry: client/assets/provider-icons/auth_service_phone.svg
[debug] [2023-09-29T12:13:36.799Z] [unzip] else mkdir: /Users/gert/.cache/firebase/emulators/ui-v1.11.7/client/assets/provider-icons
[debug] [2023-09-29T12:13:36.800Z] [unzip] deflating: /Users/gert/.cache/firebase/emulators/ui-v1.11.7/client/assets/provider-icons/auth_service_phone.svg
[debug] [2023-09-29T12:13:36.804Z] [unzip] Entry: client/assets/provider-icons/auth_service_saml.svg (compressed_size=575 bytes, uncompressed_size=1226 bytes)
[debug] [2023-09-29T12:13:36.804Z] [unzip] Processing entry: client/assets/provider-icons/auth_service_saml.svg
[debug] [2023-09-29T12:13:36.804Z] [unzip] else mkdir: /Users/gert/.cache/firebase/emulators/ui-v1.11.7/client/assets/provider-icons
[debug] [2023-09-29T12:13:36.805Z] [unzip] deflating: /Users/gert/.cache/firebase/emulators/ui-v1.11.7/client/assets/provider-icons/auth_service_saml.svg
[debug] [2023-09-29T12:13:36.811Z] [unzip] Entry: client/assets/provider-icons/auth_service_mslive.svg (compressed_size=203 bytes, uncompressed_size=378 bytes)
[debug] [2023-09-29T12:13:36.811Z] [unzip] Processing entry: client/assets/provider-icons/auth_service_mslive.svg
[debug] [2023-09-29T12:13:36.811Z] [unzip] else mkdir: /Users/gert/.cache/firebase/emulators/ui-v1.11.7/client/assets/provider-icons
[debug] [2023-09-29T12:13:36.813Z] [unzip] deflating: /Users/gert/.cache/firebase/emulators/ui-v1.11.7/client/assets/provider-icons/auth_service_mslive.svg
[debug] [2023-09-29T12:13:36.818Z] [unzip] Entry: client/assets/provider-icons/auth_service_facebook.svg (compressed_size=289 bytes, uncompressed_size=457 bytes)
[debug] [2023-09-29T12:13:36.818Z] [unzip] Processing entry: client/assets/provider-icons/auth_service_facebook.svg
[debug] [2023-09-29T12:13:36.818Z] [unzip] else mkdir: /Users/gert/.cache/firebase/emulators/ui-v1.11.7/client/assets/provider-icons
[debug] [2023-09-29T12:13:36.819Z] [unzip] deflating: /Users/gert/.cache/firebase/emulators/ui-v1.11.7/client/assets/provider-icons/auth_service_facebook.svg
[debug] [2023-09-29T12:13:36.825Z] [unzip] Entry: client/assets/provider-icons/auth_service_play_games.svg (compressed_size=565 bytes, uncompressed_size=1173 bytes)
[debug] [2023-09-29T12:13:36.825Z] [unzip] Processing entry: client/assets/provider-icons/auth_service_play_games.svg
[debug] [2023-09-29T12:13:36.825Z] [unzip] else mkdir: /Users/gert/.cache/firebase/emulators/ui-v1.11.7/client/assets/provider-icons
[debug] [2023-09-29T12:13:36.826Z] [unzip] deflating: /Users/gert/.cache/firebase/emulators/ui-v1.11.7/client/assets/provider-icons/auth_service_play_games.svg
[debug] [2023-09-29T12:13:36.827Z] [unzip] Entry: client/assets/provider-icons/auth_service_github.svg (compressed_size=466 bytes, uncompressed_size=838 bytes)
[debug] [2023-09-29T12:13:36.827Z] [unzip] Processing entry: client/assets/provider-icons/auth_service_github.svg
[debug] [2023-09-29T12:13:36.827Z] [unzip] else mkdir: /Users/gert/.cache/firebase/emulators/ui-v1.11.7/client/assets/provider-icons
[debug] [2023-09-29T12:13:36.827Z] [unzip] deflating: /Users/gert/.cache/firebase/emulators/ui-v1.11.7/client/assets/provider-icons/auth_service_github.svg
[debug] [2023-09-29T12:13:36.827Z] [unzip] Entry: client/assets/provider-icons/auth_service_apple.svg (compressed_size=230 bytes, uncompressed_size=334 bytes)
[debug] [2023-09-29T12:13:36.827Z] [unzip] Processing entry: client/assets/provider-icons/auth_service_apple.svg
[debug] [2023-09-29T12:13:36.827Z] [unzip] else mkdir: /Users/gert/.cache/firebase/emulators/ui-v1.11.7/client/assets/provider-icons
[debug] [2023-09-29T12:13:36.828Z] [unzip] deflating: /Users/gert/.cache/firebase/emulators/ui-v1.11.7/client/assets/provider-icons/auth_service_apple.svg
[debug] [2023-09-29T12:13:36.828Z] [unzip] Entry: client/assets/provider-icons/auth_service_google.svg (compressed_size=409 bytes, uncompressed_size=720 bytes)
[debug] [2023-09-29T12:13:36.828Z] [unzip] Processing entry: client/assets/provider-icons/auth_service_google.svg
[debug] [2023-09-29T12:13:36.828Z] [unzip] else mkdir: /Users/gert/.cache/firebase/emulators/ui-v1.11.7/client/assets/provider-icons
[debug] [2023-09-29T12:13:36.828Z] [unzip] deflating: /Users/gert/.cache/firebase/emulators/ui-v1.11.7/client/assets/provider-icons/auth_service_google.svg
[debug] [2023-09-29T12:13:36.835Z] [unzip] Entry: client/assets/provider-icons/auth_service_email.svg (compressed_size=228 bytes, uncompressed_size=326 bytes)
[debug] [2023-09-29T12:13:36.835Z] [unzip] Processing entry: client/assets/provider-icons/auth_service_email.svg
[debug] [2023-09-29T12:13:36.835Z] [unzip] else mkdir: /Users/gert/.cache/firebase/emulators/ui-v1.11.7/client/assets/provider-icons
[debug] [2023-09-29T12:13:36.836Z] [unzip] deflating: /Users/gert/.cache/firebase/emulators/ui-v1.11.7/client/assets/provider-icons/auth_service_email.svg
[debug] [2023-09-29T12:13:36.836Z] [unzip] Entry: client/assets/provider-icons/auth_service_twitter.svg (compressed_size=444 bytes, uncompressed_size=751 bytes)
[debug] [2023-09-29T12:13:36.836Z] [unzip] Processing entry: client/assets/provider-icons/auth_service_twitter.svg
[debug] [2023-09-29T12:13:36.836Z] [unzip] else mkdir: /Users/gert/.cache/firebase/emulators/ui-v1.11.7/client/assets/provider-icons
[debug] [2023-09-29T12:13:36.836Z] [unzip] deflating: /Users/gert/.cache/firebase/emulators/ui-v1.11.7/client/assets/provider-icons/auth_service_twitter.svg
[debug] [2023-09-29T12:13:36.837Z] [unzip] Entry: client/assets/provider-icons/auth_service_game_center.svg (compressed_size=991 bytes, uncompressed_size=3921 bytes)
[debug] [2023-09-29T12:13:36.837Z] [unzip] Processing entry: client/assets/provider-icons/auth_service_game_center.svg
[debug] [2023-09-29T12:13:36.837Z] [unzip] else mkdir: /Users/gert/.cache/firebase/emulators/ui-v1.11.7/client/assets/provider-icons
[debug] [2023-09-29T12:13:36.837Z] [unzip] deflating: /Users/gert/.cache/firebase/emulators/ui-v1.11.7/client/assets/provider-icons/auth_service_game_center.svg
[debug] [2023-09-29T12:13:36.837Z] [unzip] Entry: client/assets/index.c2583d42.js.map (compressed_size=1778557 bytes, uncompressed_size=7961927 bytes)
[debug] [2023-09-29T12:13:36.837Z] [unzip] Processing entry: client/assets/index.c2583d42.js.map
[debug] [2023-09-29T12:13:36.837Z] [unzip] else mkdir: /Users/gert/.cache/firebase/emulators/ui-v1.11.7/client/assets
[debug] [2023-09-29T12:13:36.837Z] [unzip] deflating: /Users/gert/.cache/firebase/emulators/ui-v1.11.7/client/assets/index.c2583d42.js.map
[debug] [2023-09-29T12:13:36.865Z] [unzip] Entry: client/assets/img/ (compressed_size=0 bytes, uncompressed_size=0 bytes)
[debug] [2023-09-29T12:13:36.865Z] [unzip] Processing entry: client/assets/img/
[debug] [2023-09-29T12:13:36.865Z] [unzip] mkdir: /Users/gert/.cache/firebase/emulators/ui-v1.11.7/client/assets/img/
[debug] [2023-09-29T12:13:36.865Z] [unzip] Entry: client/assets/img/database.png (compressed_size=29449 bytes, uncompressed_size=29988 bytes)
[debug] [2023-09-29T12:13:36.865Z] [unzip] Processing entry: client/assets/img/database.png
[debug] [2023-09-29T12:13:36.865Z] [unzip] else mkdir: /Users/gert/.cache/firebase/emulators/ui-v1.11.7/client/assets/img
[debug] [2023-09-29T12:13:36.865Z] [unzip] deflating: /Users/gert/.cache/firebase/emulators/ui-v1.11.7/client/assets/img/database.png
[debug] [2023-09-29T12:13:36.866Z] [unzip] Entry: client/safari-pinned-tab.svg (compressed_size=838 bytes, uncompressed_size=1504 bytes)
[debug] [2023-09-29T12:13:36.866Z] [unzip] Processing entry: client/safari-pinned-tab.svg
[debug] [2023-09-29T12:13:36.866Z] [unzip] else mkdir: /Users/gert/.cache/firebase/emulators/ui-v1.11.7/client
[debug] [2023-09-29T12:13:36.866Z] [unzip] deflating: /Users/gert/.cache/firebase/emulators/ui-v1.11.7/client/safari-pinned-tab.svg
[debug] [2023-09-29T12:13:36.867Z] [unzip] Entry: client/mstile-150x150.png (compressed_size=5406 bytes, uncompressed_size=5723 bytes)
[debug] [2023-09-29T12:13:36.867Z] [unzip] Processing entry: client/mstile-150x150.png
[debug] [2023-09-29T12:13:36.867Z] [unzip] else mkdir: /Users/gert/.cache/firebase/emulators/ui-v1.11.7/client
[debug] [2023-09-29T12:13:36.867Z] [unzip] deflating: /Users/gert/.cache/firebase/emulators/ui-v1.11.7/client/mstile-150x150.png
[debug] [2023-09-29T12:13:36.868Z] [unzip] Entry: client/browserconfig.xml (compressed_size=491 bytes, uncompressed_size=822 bytes)
[debug] [2023-09-29T12:13:36.868Z] [unzip] Processing entry: client/browserconfig.xml
[debug] [2023-09-29T12:13:36.868Z] [unzip] else mkdir: /Users/gert/.cache/firebase/emulators/ui-v1.11.7/client
[debug] [2023-09-29T12:13:36.868Z] [unzip] deflating: /Users/gert/.cache/firebase/emulators/ui-v1.11.7/client/browserconfig.xml
[debug] [2023-09-29T12:13:36.869Z] [unzip] Entry: client/robots.txt (compressed_size=26 bytes, uncompressed_size=26 bytes)
[debug] [2023-09-29T12:13:36.869Z] [unzip] Processing entry: client/robots.txt
[debug] [2023-09-29T12:13:36.869Z] [unzip] else mkdir: /Users/gert/.cache/firebase/emulators/ui-v1.11.7/client
[debug] [2023-09-29T12:13:36.869Z] [unzip] Writing file: /Users/gert/.cache/firebase/emulators/ui-v1.11.7/client/robots.txt
[debug] [2023-09-29T12:13:36.869Z] [unzip] Entry: client/index.html (compressed_size=1363 bytes, uncompressed_size=3064 bytes)
[debug] [2023-09-29T12:13:36.869Z] [unzip] Processing entry: client/index.html
[debug] [2023-09-29T12:13:36.869Z] [unzip] else mkdir: /Users/gert/.cache/firebase/emulators/ui-v1.11.7/client
[debug] [2023-09-29T12:13:36.869Z] [unzip] deflating: /Users/gert/.cache/firebase/emulators/ui-v1.11.7/client/index.html
[debug] [2023-09-29T12:13:36.870Z] [unzip] Entry: client/favicon-16x16.png (compressed_size=757 bytes, uncompressed_size=777 bytes)
[debug] [2023-09-29T12:13:36.870Z] [unzip] Processing entry: client/favicon-16x16.png
[debug] [2023-09-29T12:13:36.870Z] [unzip] else mkdir: /Users/gert/.cache/firebase/emulators/ui-v1.11.7/client
[debug] [2023-09-29T12:13:36.870Z] [unzip] deflating: /Users/gert/.cache/firebase/emulators/ui-v1.11.7/client/favicon-16x16.png
[debug] [2023-09-29T12:13:36.870Z] [unzip] Entry: client/manifest.json (compressed_size=246 bytes, uncompressed_size=551 bytes)
[debug] [2023-09-29T12:13:36.870Z] [unzip] Processing entry: client/manifest.json
[debug] [2023-09-29T12:13:36.870Z] [unzip] else mkdir: /Users/gert/.cache/firebase/emulators/ui-v1.11.7/client
[debug] [2023-09-29T12:13:36.870Z] [unzip] deflating: /Users/gert/.cache/firebase/emulators/ui-v1.11.7/client/manifest.json
[debug] [2023-09-29T12:13:36.872Z] [unzip] Entry: client/favicon-32x32.png (compressed_size=1175 bytes, uncompressed_size=1175 bytes)
[debug] [2023-09-29T12:13:36.872Z] [unzip] Processing entry: client/favicon-32x32.png
[debug] [2023-09-29T12:13:36.872Z] [unzip] else mkdir: /Users/gert/.cache/firebase/emulators/ui-v1.11.7/client
[debug] [2023-09-29T12:13:36.872Z] [unzip] Writing file: /Users/gert/.cache/firebase/emulators/ui-v1.11.7/client/favicon-32x32.png
[debug] [2023-09-29T12:13:36.872Z] [unzip] Entry: client/android-chrome-192x192.png (compressed_size=7602 bytes, uncompressed_size=7834 bytes)
[debug] [2023-09-29T12:13:36.872Z] [unzip] Processing entry: client/android-chrome-192x192.png
[debug] [2023-09-29T12:13:36.872Z] [unzip] else mkdir: /Users/gert/.cache/firebase/emulators/ui-v1.11.7/client
[debug] [2023-09-29T12:13:36.872Z] [unzip] deflating: /Users/gert/.cache/firebase/emulators/ui-v1.11.7/client/android-chrome-192x192.png
[debug] [2023-09-29T12:13:36.872Z] [unzip] Entry: server/ (compressed_size=0 bytes, uncompressed_size=0 bytes)
[debug] [2023-09-29T12:13:36.872Z] [unzip] Processing entry: server/
[debug] [2023-09-29T12:13:36.872Z] [unzip] mkdir: /Users/gert/.cache/firebase/emulators/ui-v1.11.7/server/
[debug] [2023-09-29T12:13:36.873Z] [unzip] Entry: server/server.js (compressed_size=343746 bytes, uncompressed_size=1346374 bytes)
[debug] [2023-09-29T12:13:36.873Z] [unzip] Processing entry: server/server.js
[debug] [2023-09-29T12:13:36.873Z] [unzip] else mkdir: /Users/gert/.cache/firebase/emulators/ui-v1.11.7/server
[debug] [2023-09-29T12:13:36.873Z] [unzip] deflating: /Users/gert/.cache/firebase/emulators/ui-v1.11.7/server/server.js
[debug] [2023-09-29T12:13:36.879Z] [unzip] Entry: server/server.js.map (compressed_size=289157 bytes, uncompressed_size=1325651 bytes)
[debug] [2023-09-29T12:13:36.879Z] [unzip] Processing entry: server/server.js.map
[debug] [2023-09-29T12:13:36.879Z] [unzip] else mkdir: /Users/gert/.cache/firebase/emulators/ui-v1.11.7/server
[debug] [2023-09-29T12:13:36.879Z] [unzip] deflating: /Users/gert/.cache/firebase/emulators/ui-v1.11.7/server/server.js.map
[debug] [2023-09-29T12:13:36.887Z] Ignoring unsupported arg: auto_download {"metadata":{"emulator":{"name":"ui"},"message":"Ignoring unsupported arg: auto_download"}}
[debug] [2023-09-29T12:13:36.887Z] Ignoring unsupported arg: port {"metadata":{"emulator":{"name":"ui"},"message":"Ignoring unsupported arg: port"}}
[debug] [2023-09-29T12:13:36.887Z] Starting Emulator UI with command {"binary":"node","args":["/Users/gert/.cache/firebase/emulators/ui-v1.11.7/server/server.js"],"optionalArgs":[],"joinArgs":false} {"metadata":{"emulator":{"name":"ui"},"message":"Starting Emulator UI with command {\"binary\":\"node\",\"args\":[\"/Users/gert/.cache/firebase/emulators/ui-v1.11.7/server/server.js\"],\"optionalArgs\":[],\"joinArgs\":false}"}}
[info] i  ui: Emulator UI logging to ui-debug.log {"metadata":{"emulator":{"name":"ui"},"message":"Emulator UI logging to \u001b[1mui-debug.log\u001b[22m"}}
[debug] [2023-09-29T12:13:37.004Z] Web / API server started at 127.0.0.1:4000
 {"metadata":{"emulator":{"name":"ui"},"message":"Web / API server started at 127.0.0.1:4000\n"}}
[debug] [2023-09-29T12:13:37.004Z] Web / API server started at ::1:4000
 {"metadata":{"emulator":{"name":"ui"},"message":"Web / API server started at ::1:4000\n"}}
[info] 
┌─────────────────────────────────────────────────────────────┐
│ ✔  All emulators ready! It is now safe to connect your app. │
│ i  View Emulator UI at http://127.0.0.1:4000/               │
└─────────────────────────────────────────────────────────────┘

┌────────────────┬──────────────────────────────────┬─────────────────────────────────┐
│ Emulator       │ Host:Port                        │ View in Emulator UI             │
├────────────────┼──────────────────────────────────┼─────────────────────────────────┤
│ Authentication │ 127.0.0.1:9099                   │ http://127.0.0.1:4000/auth      │
├────────────────┼──────────────────────────────────┼─────────────────────────────────┤
│ Functions      │ Failed to initialize (see above) │                                 │
├────────────────┼──────────────────────────────────┼─────────────────────────────────┤
│ Firestore      │ 127.0.0.1:8080                   │ http://127.0.0.1:4000/firestore │
├────────────────┼──────────────────────────────────┼─────────────────────────────────┤
│ Hosting        │ Failed to initialize (see above) │                                 │
└────────────────┴──────────────────────────────────┴─────────────────────────────────┘
  Emulator Hub running at 127.0.0.1:4400
  Other reserved ports: 4500, 9150

Issues? Report them at https://github.com/firebase/firebase-tools/issues and attach the *-debug.log files.
 
[debug] [2023-09-29T12:13:55.818Z] Sept 29, 2023 3:13:55 PM com.google.cloud.datastore.emulator.firestore.websocket.WebSocketChannelHandler initChannel
INFO: Connected to new websocket client
 {"metadata":{"emulator":{"name":"firestore"},"message":"Sept 29, 2023 3:13:55 PM com.google.cloud.datastore.emulator.firestore.websocket.WebSocketChannelHandler initChannel\nINFO: Connected to new websocket client\n"}}
[debug] [2023-09-29T12:13:59.807Z] Sept 29, 2023 3:13:59 PM com.google.cloud.datastore.emulator.firestore.websocket.WebSocketChannelHandler channelClosed
INFO: Websocket client disconnected
 {"metadata":{"emulator":{"name":"firestore"},"message":"Sept 29, 2023 3:13:59 PM com.google.cloud.datastore.emulator.firestore.websocket.WebSocketChannelHandler channelClosed\nINFO: Websocket client disconnected\n"}}
